mode: set
github.com/tlabdotcom/goresponse/errors.go:31.36,33.2 1 0
github.com/tlabdotcom/goresponse/errors.go:36.70,42.2 1 1
github.com/tlabdotcom/goresponse/errors.go:45.50,46.14 1 1
github.com/tlabdotcom/goresponse/errors.go:47.29,48.65 1 1
github.com/tlabdotcom/goresponse/errors.go:49.31,50.55 1 1
github.com/tlabdotcom/goresponse/errors.go:51.28,52.61 1 0
github.com/tlabdotcom/goresponse/errors.go:53.27,54.52 1 1
github.com/tlabdotcom/goresponse/errors.go:55.27,56.62 1 0
github.com/tlabdotcom/goresponse/errors.go:57.38,58.48 1 0
github.com/tlabdotcom/goresponse/errors.go:59.34,60.82 1 0
github.com/tlabdotcom/goresponse/errors.go:61.38,62.68 1 1
github.com/tlabdotcom/goresponse/errors.go:63.37,64.74 1 0
github.com/tlabdotcom/goresponse/errors.go:65.10,66.31 1 0
github.com/tlabdotcom/goresponse/errors.go:71.49,73.2 1 1
github.com/tlabdotcom/goresponse/errors.go:76.78,77.25 1 1
github.com/tlabdotcom/goresponse/errors.go:78.34,79.35 1 1
github.com/tlabdotcom/goresponse/errors.go:79.35,84.4 1 1
github.com/tlabdotcom/goresponse/errors.go:85.32,89.5 1 1
github.com/tlabdotcom/goresponse/errors.go:90.10,92.27 1 1
github.com/tlabdotcom/goresponse/errors.go:92.27,99.4 3 1
github.com/tlabdotcom/goresponse/errors.go:99.9,106.4 2 1
github.com/tlabdotcom/goresponse/errors.go:108.2,108.12 1 1
github.com/tlabdotcom/goresponse/errors.go:112.104,118.2 2 1
github.com/tlabdotcom/goresponse/errors.go:121.62,123.66 1 1
github.com/tlabdotcom/goresponse/errors.go:123.66,125.3 1 1
github.com/tlabdotcom/goresponse/errors.go:126.2,126.30 1 1
github.com/tlabdotcom/goresponse/errors.go:130.52,134.25 3 1
github.com/tlabdotcom/goresponse/errors.go:135.23,137.41 2 1
github.com/tlabdotcom/goresponse/errors.go:138.18,140.22 2 0
github.com/tlabdotcom/goresponse/errors.go:141.10,143.43 2 0
github.com/tlabdotcom/goresponse/errors.go:146.2,149.20 3 1
github.com/tlabdotcom/goresponse/errors.go:149.20,154.156 2 0
github.com/tlabdotcom/goresponse/errors.go:154.156,156.4 1 0
github.com/tlabdotcom/goresponse/errors.go:161.75,164.29 2 1
github.com/tlabdotcom/goresponse/errors.go:165.18,166.53 1 1
github.com/tlabdotcom/goresponse/errors.go:167.15,168.77 1 1
github.com/tlabdotcom/goresponse/errors.go:169.13,170.92 1 1
github.com/tlabdotcom/goresponse/errors.go:171.13,172.97 1 0
github.com/tlabdotcom/goresponse/errors.go:173.13,174.83 1 0
github.com/tlabdotcom/goresponse/errors.go:175.13,176.80 1 0
github.com/tlabdotcom/goresponse/errors.go:177.13,178.67 1 0
github.com/tlabdotcom/goresponse/errors.go:179.18,180.77 1 0
github.com/tlabdotcom/goresponse/errors.go:181.10,182.59 1 0
github.com/tlabdotcom/goresponse/errors.go:187.38,190.2 1 1
github.com/tlabdotcom/goresponse/errors.go:193.56,197.35 3 1
github.com/tlabdotcom/goresponse/errors.go:197.35,200.3 2 1
github.com/tlabdotcom/goresponse/errors.go:200.8,200.44 1 1
github.com/tlabdotcom/goresponse/errors.go:200.44,203.3 2 1
github.com/tlabdotcom/goresponse/errors.go:203.8,205.10 2 1
github.com/tlabdotcom/goresponse/errors.go:206.54,208.61 2 1
github.com/tlabdotcom/goresponse/errors.go:209.59,211.70 2 0
github.com/tlabdotcom/goresponse/errors.go:212.56,214.47 2 0
github.com/tlabdotcom/goresponse/errors.go:215.57,217.51 2 0
github.com/tlabdotcom/goresponse/errors.go:218.11,220.53 2 1
github.com/tlabdotcom/goresponse/errors.go:223.2,223.28 1 1
github.com/tlabdotcom/goresponse/errors.go:227.45,229.29 2 1
github.com/tlabdotcom/goresponse/errors.go:229.29,231.3 1 1
github.com/tlabdotcom/goresponse/errors.go:232.2,232.33 1 1
github.com/tlabdotcom/goresponse/errors.go:236.37,238.24 2 1
github.com/tlabdotcom/goresponse/errors.go:238.24,239.36 1 1
github.com/tlabdotcom/goresponse/errors.go:239.36,241.4 1 1
github.com/tlabdotcom/goresponse/errors.go:242.3,242.22 1 1
github.com/tlabdotcom/goresponse/errors.go:244.2,244.41 1 1
github.com/tlabdotcom/goresponse/pagination.go:43.73,44.28 1 0
github.com/tlabdotcom/goresponse/pagination.go:44.28,46.3 1 0
github.com/tlabdotcom/goresponse/pagination.go:47.2,48.22 2 0
github.com/tlabdotcom/goresponse/pagination.go:51.72,52.28 1 0
github.com/tlabdotcom/goresponse/pagination.go:52.28,54.3 1 0
github.com/tlabdotcom/goresponse/pagination.go:55.2,55.30 1 0
github.com/tlabdotcom/goresponse/pagination.go:59.49,60.17 1 1
github.com/tlabdotcom/goresponse/pagination.go:60.17,62.3 1 0
github.com/tlabdotcom/goresponse/pagination.go:63.2,63.26 1 1
github.com/tlabdotcom/goresponse/pagination.go:66.105,68.36 2 1
github.com/tlabdotcom/goresponse/pagination.go:68.36,70.36 2 1
github.com/tlabdotcom/goresponse/pagination.go:70.36,71.12 1 1
github.com/tlabdotcom/goresponse/pagination.go:74.3,75.21 2 1
github.com/tlabdotcom/goresponse/pagination.go:75.21,76.12 1 0
github.com/tlabdotcom/goresponse/pagination.go:79.3,81.49 2 1
github.com/tlabdotcom/goresponse/pagination.go:81.49,85.64 3 1
github.com/tlabdotcom/goresponse/pagination.go:85.64,87.5 1 1
github.com/tlabdotcom/goresponse/pagination.go:90.2,90.12 1 1
github.com/tlabdotcom/goresponse/pagination.go:93.64,100.71 3 1
github.com/tlabdotcom/goresponse/pagination.go:100.71,102.3 1 1
github.com/tlabdotcom/goresponse/pagination.go:105.2,105.41 1 1
github.com/tlabdotcom/goresponse/pagination.go:105.41,106.73 1 1
github.com/tlabdotcom/goresponse/pagination.go:106.73,108.4 1 1
github.com/tlabdotcom/goresponse/pagination.go:111.2,111.31 1 1
github.com/tlabdotcom/goresponse/pagination.go:114.63,115.53 1 1
github.com/tlabdotcom/goresponse/pagination.go:115.53,117.3 1 1
github.com/tlabdotcom/goresponse/pagination.go:118.2,118.19 1 0
github.com/tlabdotcom/goresponse/pagination.go:121.66,123.27 2 1
github.com/tlabdotcom/goresponse/pagination.go:123.27,124.50 1 1
github.com/tlabdotcom/goresponse/pagination.go:124.50,126.4 1 1
github.com/tlabdotcom/goresponse/pagination.go:126.9,128.4 1 0
github.com/tlabdotcom/goresponse/pagination.go:130.2,130.20 1 1
github.com/tlabdotcom/goresponse/pagination.go:133.54,134.22 1 1
github.com/tlabdotcom/goresponse/pagination.go:134.22,135.61 1 1
github.com/tlabdotcom/goresponse/pagination.go:135.61,137.4 1 1
github.com/tlabdotcom/goresponse/pagination.go:138.3,138.19 1 0
github.com/tlabdotcom/goresponse/pagination.go:141.2,141.57 1 1
github.com/tlabdotcom/goresponse/pagination.go:141.57,143.3 1 1
github.com/tlabdotcom/goresponse/pagination.go:144.2,144.15 1 0
github.com/tlabdotcom/goresponse/pagination.go:147.63,148.53 1 0
github.com/tlabdotcom/goresponse/pagination.go:148.53,151.3 2 0
github.com/tlabdotcom/goresponse/pagination.go:151.8,153.3 1 0
github.com/tlabdotcom/goresponse/pagination.go:156.66,157.17 1 1
github.com/tlabdotcom/goresponse/pagination.go:157.17,159.3 1 0
github.com/tlabdotcom/goresponse/pagination.go:160.2,161.16 2 1
github.com/tlabdotcom/goresponse/pagination.go:161.16,163.3 1 1
github.com/tlabdotcom/goresponse/pagination.go:164.2,165.12 2 1
github.com/tlabdotcom/goresponse/pagination.go:168.65,171.27 3 1
github.com/tlabdotcom/goresponse/pagination.go:171.27,173.3 1 1
github.com/tlabdotcom/goresponse/pagination.go:174.2,175.12 2 1
github.com/tlabdotcom/goresponse/pagination.go:178.63,181.27 3 0
github.com/tlabdotcom/goresponse/pagination.go:181.27,182.69 1 0
github.com/tlabdotcom/goresponse/pagination.go:182.69,184.4 1 0
github.com/tlabdotcom/goresponse/pagination.go:184.9,186.4 1 0
github.com/tlabdotcom/goresponse/pagination.go:188.2,189.12 2 0
github.com/tlabdotcom/goresponse/pagination.go:192.66,194.42 1 1
github.com/tlabdotcom/goresponse/pagination.go:194.42,196.3 1 0
github.com/tlabdotcom/goresponse/pagination.go:198.2,198.22 1 1
github.com/tlabdotcom/goresponse/pagination.go:199.22,200.25 1 1
github.com/tlabdotcom/goresponse/pagination.go:202.78,203.42 1 1
github.com/tlabdotcom/goresponse/pagination.go:205.19,206.20 1 0
github.com/tlabdotcom/goresponse/pagination.go:206.20,208.4 1 0
github.com/tlabdotcom/goresponse/pagination.go:209.3,209.49 1 0
github.com/tlabdotcom/goresponse/pagination.go:211.21,212.51 1 1
github.com/tlabdotcom/goresponse/pagination.go:212.51,214.4 1 1
github.com/tlabdotcom/goresponse/pagination.go:214.9,214.64 1 0
github.com/tlabdotcom/goresponse/pagination.go:214.64,216.4 1 0
github.com/tlabdotcom/goresponse/pagination.go:218.2,218.12 1 1
github.com/tlabdotcom/goresponse/pagination.go:222.64,223.49 1 1
github.com/tlabdotcom/goresponse/pagination.go:223.49,225.3 1 1
github.com/tlabdotcom/goresponse/pagination.go:226.2,227.40 2 1
github.com/tlabdotcom/goresponse/pagination.go:227.40,229.3 1 1
github.com/tlabdotcom/goresponse/pagination.go:230.2,231.40 2 1
github.com/tlabdotcom/goresponse/pagination.go:235.62,238.2 2 0
github.com/tlabdotcom/goresponse/pagination.go:241.66,244.2 2 1
github.com/tlabdotcom/goresponse/pagination.go:247.63,249.23 2 1
github.com/tlabdotcom/goresponse/pagination.go:249.23,251.3 1 1
github.com/tlabdotcom/goresponse/pagination.go:252.2,252.29 1 1
github.com/tlabdotcom/goresponse/pagination.go:256.62,257.49 1 1
github.com/tlabdotcom/goresponse/pagination.go:257.49,259.3 1 1
github.com/tlabdotcom/goresponse/pagination.go:260.2,260.17 1 1
github.com/tlabdotcom/goresponse/pagination.go:264.64,265.60 1 1
github.com/tlabdotcom/goresponse/pagination.go:265.60,267.3 1 1
github.com/tlabdotcom/goresponse/pagination.go:270.2,270.47 1 1
github.com/tlabdotcom/goresponse/pagination.go:270.47,272.3 1 1
github.com/tlabdotcom/goresponse/pagination.go:275.2,275.27 1 1
github.com/tlabdotcom/goresponse/pagination.go:276.19,277.36 1 0
github.com/tlabdotcom/goresponse/pagination.go:279.22,281.28 2 1
github.com/tlabdotcom/goresponse/pagination.go:283.78,284.40 1 1
github.com/tlabdotcom/goresponse/pagination.go:286.21,287.38 1 1
github.com/tlabdotcom/goresponse/pagination.go:289.19,290.36 1 1
github.com/tlabdotcom/goresponse/pagination.go:293.2,293.18 1 0
github.com/tlabdotcom/goresponse/pagination.go:297.63,299.2 1 1
github.com/tlabdotcom/goresponse/pagination.go:301.64,304.24 2 1
github.com/tlabdotcom/goresponse/pagination.go:304.24,306.3 1 1
github.com/tlabdotcom/goresponse/pagination.go:307.2,311.25 3 1
github.com/tlabdotcom/goresponse/pagination.go:311.25,315.24 3 1
github.com/tlabdotcom/goresponse/pagination.go:316.18,317.22 1 1
github.com/tlabdotcom/goresponse/pagination.go:318.20,320.24 2 1
github.com/tlabdotcom/goresponse/pagination.go:320.24,322.5 1 1
github.com/tlabdotcom/goresponse/pagination.go:323.4,324.39 2 1
github.com/tlabdotcom/goresponse/pagination.go:325.17,327.32 2 1
github.com/tlabdotcom/goresponse/pagination.go:328.22,330.26 2 0
github.com/tlabdotcom/goresponse/pagination.go:330.26,332.5 1 0
github.com/tlabdotcom/goresponse/pagination.go:333.4,334.38 2 0
github.com/tlabdotcom/goresponse/pagination.go:335.11,336.32 1 1
github.com/tlabdotcom/goresponse/pagination.go:339.3,339.18 1 1
github.com/tlabdotcom/goresponse/pagination.go:339.18,341.4 1 1
github.com/tlabdotcom/goresponse/pagination.go:344.2,344.15 1 1
github.com/tlabdotcom/goresponse/pagination.go:348.76,354.36 4 1
github.com/tlabdotcom/goresponse/pagination.go:354.36,356.36 2 1
github.com/tlabdotcom/goresponse/pagination.go:356.36,357.12 1 1
github.com/tlabdotcom/goresponse/pagination.go:360.3,361.21 2 1
github.com/tlabdotcom/goresponse/pagination.go:361.21,362.12 1 0
github.com/tlabdotcom/goresponse/pagination.go:365.3,367.15 3 1
github.com/tlabdotcom/goresponse/pagination.go:367.15,369.4 1 1
github.com/tlabdotcom/goresponse/pagination.go:373.2,373.35 1 1
github.com/tlabdotcom/goresponse/pagination.go:373.35,376.3 2 1
github.com/tlabdotcom/goresponse/pagination.go:378.2,382.45 4 1
github.com/tlabdotcom/goresponse/pagination.go:386.31,390.32 3 1
github.com/tlabdotcom/goresponse/pagination.go:390.32,392.3 1 1
github.com/tlabdotcom/goresponse/pagination.go:393.2,393.17 1 1
github.com/tlabdotcom/goresponse/pagination.go:396.56,398.21 1 1
github.com/tlabdotcom/goresponse/pagination.go:398.21,400.3 1 1
github.com/tlabdotcom/goresponse/pagination.go:403.2,406.22 2 1
github.com/tlabdotcom/goresponse/pagination.go:406.22,408.3 1 1
github.com/tlabdotcom/goresponse/pagination.go:408.8,408.36 1 1
github.com/tlabdotcom/goresponse/pagination.go:408.36,410.3 1 0
github.com/tlabdotcom/goresponse/pagination.go:413.2,416.37 2 1
github.com/tlabdotcom/goresponse/pagination.go:417.13,418.21 1 1
github.com/tlabdotcom/goresponse/pagination.go:419.14,420.22 1 1
github.com/tlabdotcom/goresponse/pagination.go:421.10,422.22 1 1
github.com/tlabdotcom/goresponse/pagination.go:426.2,426.26 1 1
github.com/tlabdotcom/goresponse/pagination.go:426.26,429.3 2 1
github.com/tlabdotcom/goresponse/pagination.go:431.2,439.32 5 1
github.com/tlabdotcom/goresponse/pagination.go:439.32,441.46 2 1
github.com/tlabdotcom/goresponse/pagination.go:441.46,442.61 1 1
github.com/tlabdotcom/goresponse/pagination.go:442.61,444.5 1 1
github.com/tlabdotcom/goresponse/pagination.go:446.3,446.38 1 1
github.com/tlabdotcom/goresponse/pagination.go:449.2,449.15 1 1
github.com/tlabdotcom/goresponse/pagination.go:452.107,463.2 2 1
github.com/tlabdotcom/goresponse/pagination.go:466.70,467.51 1 0
github.com/tlabdotcom/goresponse/pagination.go:467.51,468.40 1 0
github.com/tlabdotcom/goresponse/pagination.go:468.40,470.4 1 0
github.com/tlabdotcom/goresponse/pagination.go:472.2,472.24 1 0
github.com/tlabdotcom/goresponse/pagination.go:476.73,477.51 1 1
github.com/tlabdotcom/goresponse/pagination.go:477.51,478.43 1 1
github.com/tlabdotcom/goresponse/pagination.go:478.43,480.4 1 1
github.com/tlabdotcom/goresponse/pagination.go:482.2,482.19 1 1
github.com/tlabdotcom/goresponse/pagination.go:486.70,488.2 1 0
github.com/tlabdotcom/goresponse/single.go:13.103,15.19 1 0
github.com/tlabdotcom/goresponse/single.go:15.19,17.3 1 0
github.com/tlabdotcom/goresponse/single.go:18.2,18.21 1 0
github.com/tlabdotcom/goresponse/single.go:18.21,20.3 1 0
github.com/tlabdotcom/goresponse/single.go:22.2,26.3 1 0
